#! /usr/bin/vvp
:ivl_version "11.0 (stable)";
:ivl_delay_selection "TYPICAL";
:vpi_time_precision + 0;
:vpi_module "/usr/lib/x86_64-linux-gnu/ivl/system.vpi";
:vpi_module "/usr/lib/x86_64-linux-gnu/ivl/vhdl_sys.vpi";
:vpi_module "/usr/lib/x86_64-linux-gnu/ivl/vhdl_textio.vpi";
:vpi_module "/usr/lib/x86_64-linux-gnu/ivl/v2005_math.vpi";
:vpi_module "/usr/lib/x86_64-linux-gnu/ivl/va_math.vpi";
S_0x562c1052ddc0 .scope module, "j_cunter" "j_cunter" 2 1;
 .timescale 0 0;
    .port_info 0 /INPUT 1 "clk";
    .port_info 1 /INPUT 1 "reset";
    .port_info 2 /OUTPUT 4 "counter";
o0x7f814b1cf018 .functor BUFZ 1, C4<z>; HiZ drive
v0x562c1052f7b0_0 .net "clk", 0 0, o0x7f814b1cf018;  0 drivers
v0x562c1052fba0_0 .var "counter", 0 3;
o0x7f814b1cf078 .functor BUFZ 1, C4<z>; HiZ drive
v0x562c10576600_0 .net "reset", 0 0, o0x7f814b1cf078;  0 drivers
E_0x562c105669e0 .event posedge, v0x562c1052f7b0_0;
    .scope S_0x562c1052ddc0;
T_0 ;
    %wait E_0x562c105669e0;
    %load/vec4 v0x562c10576600_0;
    %flag_set/vec4 8;
    %jmp/0xz  T_0.0, 8;
    %pushi/vec4 0, 0, 4;
    %assign/vec4 v0x562c1052fba0_0, 0;
    %jmp T_0.1;
T_0.0 ;
    %load/vec4 v0x562c1052fba0_0;
    %parti/s 1, 0, 2;
    %inv;
    %ix/load 4, 3, 0;
    %ix/load 5, 0, 0;
    %flag_set/imm 4, 0;
    %assign/vec4/off/d v0x562c1052fba0_0, 4, 5;
    %load/vec4 v0x562c1052fba0_0;
    %parti/s 1, 3, 3;
    %ix/load 4, 2, 0;
    %ix/load 5, 0, 0;
    %flag_set/imm 4, 0;
    %assign/vec4/off/d v0x562c1052fba0_0, 4, 5;
    %load/vec4 v0x562c1052fba0_0;
    %parti/s 1, 2, 3;
    %ix/load 4, 1, 0;
    %ix/load 5, 0, 0;
    %flag_set/imm 4, 0;
    %assign/vec4/off/d v0x562c1052fba0_0, 4, 5;
    %load/vec4 v0x562c1052fba0_0;
    %parti/s 1, 1, 2;
    %ix/load 4, 0, 0;
    %ix/load 5, 0, 0;
    %flag_set/imm 4, 0;
    %assign/vec4/off/d v0x562c1052fba0_0, 4, 5;
T_0.1 ;
    %jmp T_0;
    .thread T_0;
# The file index is used to find the file name in the following table.
:file_names 3;
    "N/A";
    "<interactive>";
    "jonson_counter.v";
