#! /usr/bin/vvp
:ivl_version "11.0 (stable)";
:ivl_delay_selection "TYPICAL";
:vpi_time_precision + 0;
:vpi_module "/usr/lib/x86_64-linux-gnu/ivl/system.vpi";
:vpi_module "/usr/lib/x86_64-linux-gnu/ivl/vhdl_sys.vpi";
:vpi_module "/usr/lib/x86_64-linux-gnu/ivl/vhdl_textio.vpi";
:vpi_module "/usr/lib/x86_64-linux-gnu/ivl/v2005_math.vpi";
:vpi_module "/usr/lib/x86_64-linux-gnu/ivl/va_math.vpi";
S_0x55debbaae5a0 .scope module, "mode_counter" "mode_counter" 2 25;
 .timescale 0 0;
    .port_info 0 /INPUT 1 "clk";
    .port_info 1 /INPUT 1 "reset";
    .port_info 2 /INPUT 1 "mode";
    .port_info 3 /OUTPUT 4 "counter";
P_0x55debbaa9b80 .param/l "sz" 0 2 27, +C4<00000000000000000000000000000100>;
L_0x7f5d67e46018 .functor BUFT 1, C4<1>, C4<0>, C4<0>, C4<0>;
v0x55debbada2f0_0 .net/2u *"_ivl_54", 0 0, L_0x7f5d67e46018;  1 drivers
v0x55debbada3f0_0 .net "ad1", 2 0, L_0x55debbadc190;  1 drivers
v0x55debbada4d0_0 .net "ad2", 2 0, L_0x55debbadc6b0;  1 drivers
o0x7f5d67e8f1c8 .functor BUFZ 1, C4<z>; HiZ drive
v0x55debbada590_0 .net "clk", 0 0, o0x7f5d67e8f1c8;  0 drivers
v0x55debbada6c0_0 .net "counter", 3 0, L_0x55debbadd2f0;  1 drivers
o0x7f5d67e8fc18 .functor BUFZ 1, C4<z>; HiZ drive
v0x55debbada7a0_0 .net "mode", 0 0, o0x7f5d67e8fc18;  0 drivers
v0x55debbada860_0 .net "q_b", 3 0, L_0x55debbadd510;  1 drivers
o0x7f5d67e8f228 .functor BUFZ 1, C4<z>; HiZ drive
v0x55debbada940_0 .net "reset", 0 0, o0x7f5d67e8f228;  0 drivers
v0x55debbadaa70_0 .net "t", 3 0, L_0x55debbadcfd0;  1 drivers
v0x55debbadabe0_0 .net "xr1", 2 0, L_0x55debbadcb70;  1 drivers
L_0x55debbadad90 .part L_0x55debbadcb70, 0, 1;
L_0x55debbadae90 .part L_0x55debbadd2f0, 0, 1;
L_0x55debbadb090 .part L_0x55debbadd510, 0, 1;
L_0x55debbadb270 .part L_0x55debbadc190, 0, 1;
L_0x55debbadb340 .part L_0x55debbadc6b0, 0, 1;
L_0x55debbadb620 .part L_0x55debbadcb70, 1, 1;
L_0x55debbadb780 .part L_0x55debbadd2f0, 1, 1;
L_0x55debbadb870 .part L_0x55debbadc190, 0, 1;
L_0x55debbadbac0 .part L_0x55debbadd510, 1, 1;
L_0x55debbadbbb0 .part L_0x55debbadc6b0, 0, 1;
L_0x55debbadbdc0 .part L_0x55debbadc190, 1, 1;
L_0x55debbadbe60 .part L_0x55debbadc6b0, 1, 1;
L_0x55debbadc0f0 .part L_0x55debbadcb70, 2, 1;
L_0x55debbadc190 .concat8 [ 1 1 1 0], L_0x55debbadaff0, L_0x55debbadb9b0, L_0x55debbadbf00;
L_0x55debbadc3c0 .part L_0x55debbadd2f0, 2, 1;
L_0x55debbadc460 .part L_0x55debbadc190, 1, 1;
L_0x55debbadc6b0 .concat8 [ 1 1 1 0], L_0x55debbadb130, L_0x55debbadbd00, L_0x55debbadca10;
L_0x55debbadc830 .part L_0x55debbadd510, 2, 1;
L_0x55debbadc970 .part L_0x55debbadc6b0, 1, 1;
L_0x55debbadcb70 .concat8 [ 1 1 1 0], L_0x55debbadb440, L_0x55debbadbf70, L_0x55debbadce70;
L_0x55debbadc8d0 .part L_0x55debbadc190, 2, 1;
L_0x55debbadcd10 .part L_0x55debbadc6b0, 2, 1;
L_0x55debbadcfd0 .part/pv L_0x7f5d67e46018, 0, 1, 4;
L_0x55debbadd130 .part L_0x55debbadcfd0, 0, 1;
L_0x55debbadd2f0 .concat8 [ 1 1 1 1], v0x55debbada020_0, v0x55debbad70d0_0, v0x55debbad8480_0, v0x55debbad9900_0;
L_0x55debbadd510 .concat8 [ 1 1 1 1], L_0x55debbadd0c0, L_0x55debbaa9ee0, L_0x55debbadb5b0, L_0x55debbadc080;
S_0x55debba76cf0 .scope generate, "genblk1[1]" "genblk1[1]" 2 47, 2 47 0, S_0x55debbaae5a0;
 .timescale 0 0;
P_0x55debba76ed0 .param/l "i" 0 2 47, +C4<01>;
S_0x55debba76f70 .scope generate, "genblk2" "genblk2" 2 49, 2 49 0, S_0x55debba76cf0;
 .timescale 0 0;
L_0x55debbaa5d80 .functor NOT 1, o0x7f5d67e8fc18, C4<0>, C4<0>, C4<0>;
L_0x55debbadaff0 .functor AND 1, L_0x55debbadae90, L_0x55debbaa5d80, C4<1>, C4<1>;
L_0x55debbadb130 .functor AND 1, L_0x55debbadb090, o0x7f5d67e8fc18, C4<1>, C4<1>;
L_0x55debbadb440 .functor XOR 1, L_0x55debbadb270, L_0x55debbadb340, C4<0>, C4<0>;
v0x55debbaaab20_0 .net *"_ivl_0", 0 0, L_0x55debbadae90;  1 drivers
v0x55debbaa69c0_0 .net *"_ivl_1", 0 0, L_0x55debbaa5d80;  1 drivers
v0x55debbaa2cc0_0 .net *"_ivl_10", 0 0, L_0x55debbadb440;  1 drivers
v0x55debbaaa840_0 .net *"_ivl_3", 0 0, L_0x55debbadaff0;  1 drivers
v0x55debbaa66e0_0 .net *"_ivl_5", 0 0, L_0x55debbadb090;  1 drivers
v0x55debbaa29b0_0 .net *"_ivl_6", 0 0, L_0x55debbadb130;  1 drivers
v0x55debbab82e0_0 .net *"_ivl_8", 0 0, L_0x55debbadb270;  1 drivers
v0x55debbad6bb0_0 .net *"_ivl_9", 0 0, L_0x55debbadb340;  1 drivers
S_0x55debbad6c90 .scope module, "t1" "tff" 2 59, 2 1 0, S_0x55debba76cf0;
 .timescale 0 0;
    .port_info 0 /INPUT 1 "clk";
    .port_info 1 /INPUT 1 "rst";
    .port_info 2 /INPUT 1 "t";
    .port_info 3 /OUTPUT 1 "q";
    .port_info 4 /OUTPUT 1 "b_q";
L_0x55debbaa9ee0 .functor NOT 1, v0x55debbad70d0_0, C4<0>, C4<0>, C4<0>;
v0x55debbad6f30_0 .net "b_q", 0 0, L_0x55debbaa9ee0;  1 drivers
v0x55debbad7010_0 .net "clk", 0 0, o0x7f5d67e8f1c8;  alias, 0 drivers
v0x55debbad70d0_0 .var "q", 0 0;
v0x55debbad7170_0 .net "rst", 0 0, o0x7f5d67e8f228;  alias, 0 drivers
v0x55debbad7230_0 .net "t", 0 0, L_0x55debbadad90;  1 drivers
E_0x55debbab1c70 .event posedge, v0x55debbad7010_0;
S_0x55debbad73e0 .scope generate, "genblk1[2]" "genblk1[2]" 2 47, 2 47 0, S_0x55debbaae5a0;
 .timescale 0 0;
P_0x55debbad7600 .param/l "i" 0 2 47, +C4<010>;
S_0x55debbad76c0 .scope generate, "genblk3" "genblk3" 2 49, 2 49 0, S_0x55debbad73e0;
 .timescale 0 0;
L_0x55debbadb9b0 .functor AND 1, L_0x55debbadb780, L_0x55debbadb870, C4<1>, C4<1>;
L_0x55debbadbd00 .functor AND 1, L_0x55debbadbac0, L_0x55debbadbbb0, C4<1>, C4<1>;
L_0x55debbadbf70 .functor XOR 1, L_0x55debbadbdc0, L_0x55debbadbe60, C4<0>, C4<0>;
v0x55debbad78a0_0 .net *"_ivl_0", 0 0, L_0x55debbadb780;  1 drivers
v0x55debbad79a0_0 .net *"_ivl_1", 0 0, L_0x55debbadb870;  1 drivers
v0x55debbad7a80_0 .net *"_ivl_10", 0 0, L_0x55debbadbf70;  1 drivers
v0x55debbad7b40_0 .net *"_ivl_2", 0 0, L_0x55debbadb9b0;  1 drivers
v0x55debbad7c20_0 .net *"_ivl_4", 0 0, L_0x55debbadbac0;  1 drivers
v0x55debbad7d50_0 .net *"_ivl_5", 0 0, L_0x55debbadbbb0;  1 drivers
v0x55debbad7e30_0 .net *"_ivl_6", 0 0, L_0x55debbadbd00;  1 drivers
v0x55debbad7f10_0 .net *"_ivl_8", 0 0, L_0x55debbadbdc0;  1 drivers
v0x55debbad7ff0_0 .net *"_ivl_9", 0 0, L_0x55debbadbe60;  1 drivers
S_0x55debbad80d0 .scope module, "t1" "tff" 2 59, 2 1 0, S_0x55debbad73e0;
 .timescale 0 0;
    .port_info 0 /INPUT 1 "clk";
    .port_info 1 /INPUT 1 "rst";
    .port_info 2 /INPUT 1 "t";
    .port_info 3 /OUTPUT 1 "q";
    .port_info 4 /OUTPUT 1 "b_q";
L_0x55debbadb5b0 .functor NOT 1, v0x55debbad8480_0, C4<0>, C4<0>, C4<0>;
v0x55debbad8300_0 .net "b_q", 0 0, L_0x55debbadb5b0;  1 drivers
v0x55debbad83c0_0 .net "clk", 0 0, o0x7f5d67e8f1c8;  alias, 0 drivers
v0x55debbad8480_0 .var "q", 0 0;
v0x55debbad8550_0 .net "rst", 0 0, o0x7f5d67e8f228;  alias, 0 drivers
v0x55debbad8620_0 .net "t", 0 0, L_0x55debbadb620;  1 drivers
S_0x55debbad8770 .scope generate, "genblk1[3]" "genblk1[3]" 2 47, 2 47 0, S_0x55debbaae5a0;
 .timescale 0 0;
P_0x55debbad8970 .param/l "i" 0 2 47, +C4<011>;
S_0x55debbad8a30 .scope generate, "genblk3" "genblk3" 2 49, 2 49 0, S_0x55debbad8770;
 .timescale 0 0;
L_0x55debbadbf00 .functor AND 1, L_0x55debbadc3c0, L_0x55debbadc460, C4<1>, C4<1>;
L_0x55debbadca10 .functor AND 1, L_0x55debbadc830, L_0x55debbadc970, C4<1>, C4<1>;
L_0x55debbadce70 .functor XOR 1, L_0x55debbadc8d0, L_0x55debbadcd10, C4<0>, C4<0>;
v0x55debbad8c10_0 .net *"_ivl_0", 0 0, L_0x55debbadc3c0;  1 drivers
v0x55debbad8d10_0 .net *"_ivl_1", 0 0, L_0x55debbadc460;  1 drivers
v0x55debbad8df0_0 .net *"_ivl_10", 0 0, L_0x55debbadce70;  1 drivers
v0x55debbad8ee0_0 .net *"_ivl_2", 0 0, L_0x55debbadbf00;  1 drivers
v0x55debbad8fc0_0 .net *"_ivl_4", 0 0, L_0x55debbadc830;  1 drivers
v0x55debbad90f0_0 .net *"_ivl_5", 0 0, L_0x55debbadc970;  1 drivers
v0x55debbad91d0_0 .net *"_ivl_6", 0 0, L_0x55debbadca10;  1 drivers
v0x55debbad92b0_0 .net *"_ivl_8", 0 0, L_0x55debbadc8d0;  1 drivers
v0x55debbad9390_0 .net *"_ivl_9", 0 0, L_0x55debbadcd10;  1 drivers
S_0x55debbad9500 .scope module, "t1" "tff" 2 59, 2 1 0, S_0x55debbad8770;
 .timescale 0 0;
    .port_info 0 /INPUT 1 "clk";
    .port_info 1 /INPUT 1 "rst";
    .port_info 2 /INPUT 1 "t";
    .port_info 3 /OUTPUT 1 "q";
    .port_info 4 /OUTPUT 1 "b_q";
L_0x55debbadc080 .functor NOT 1, v0x55debbad9900_0, C4<0>, C4<0>, C4<0>;
v0x55debbad9730_0 .net "b_q", 0 0, L_0x55debbadc080;  1 drivers
v0x55debbad97f0_0 .net "clk", 0 0, o0x7f5d67e8f1c8;  alias, 0 drivers
v0x55debbad9900_0 .var "q", 0 0;
v0x55debbad99a0_0 .net "rst", 0 0, o0x7f5d67e8f228;  alias, 0 drivers
v0x55debbad9a90_0 .net "t", 0 0, L_0x55debbadc0f0;  1 drivers
S_0x55debbad9c20 .scope module, "t1" "tff" 2 43, 2 1 0, S_0x55debbaae5a0;
 .timescale 0 0;
    .port_info 0 /INPUT 1 "clk";
    .port_info 1 /INPUT 1 "rst";
    .port_info 2 /INPUT 1 "t";
    .port_info 3 /OUTPUT 1 "q";
    .port_info 4 /OUTPUT 1 "b_q";
L_0x55debbadd0c0 .functor NOT 1, v0x55debbada020_0, C4<0>, C4<0>, C4<0>;
v0x55debbad9e80_0 .net "b_q", 0 0, L_0x55debbadd0c0;  1 drivers
v0x55debbad9f60_0 .net "clk", 0 0, o0x7f5d67e8f1c8;  alias, 0 drivers
v0x55debbada020_0 .var "q", 0 0;
v0x55debbada0c0_0 .net "rst", 0 0, o0x7f5d67e8f228;  alias, 0 drivers
v0x55debbada160_0 .net "t", 0 0, L_0x55debbadd130;  1 drivers
    .scope S_0x55debbad6c90;
T_0 ;
    %wait E_0x55debbab1c70;
    %load/vec4 v0x55debbad7170_0;
    %flag_set/vec4 8;
    %jmp/0xz  T_0.0, 8;
    %pushi/vec4 0, 0, 1;
    %assign/vec4 v0x55debbad70d0_0, 0;
    %jmp T_0.1;
T_0.0 ;
    %load/vec4 v0x55debbad7230_0;
    %pad/u 32;
    %cmpi/e 1, 0, 32;
    %jmp/0xz  T_0.2, 4;
    %load/vec4 v0x55debbad70d0_0;
    %inv;
    %assign/vec4 v0x55debbad70d0_0, 0;
    %jmp T_0.3;
T_0.2 ;
    %load/vec4 v0x55debbad70d0_0;
    %assign/vec4 v0x55debbad70d0_0, 0;
T_0.3 ;
T_0.1 ;
    %jmp T_0;
    .thread T_0;
    .scope S_0x55debbad80d0;
T_1 ;
    %wait E_0x55debbab1c70;
    %load/vec4 v0x55debbad8550_0;
    %flag_set/vec4 8;
    %jmp/0xz  T_1.0, 8;
    %pushi/vec4 0, 0, 1;
    %assign/vec4 v0x55debbad8480_0, 0;
    %jmp T_1.1;
T_1.0 ;
    %load/vec4 v0x55debbad8620_0;
    %pad/u 32;
    %cmpi/e 1, 0, 32;
    %jmp/0xz  T_1.2, 4;
    %load/vec4 v0x55debbad8480_0;
    %inv;
    %assign/vec4 v0x55debbad8480_0, 0;
    %jmp T_1.3;
T_1.2 ;
    %load/vec4 v0x55debbad8480_0;
    %assign/vec4 v0x55debbad8480_0, 0;
T_1.3 ;
T_1.1 ;
    %jmp T_1;
    .thread T_1;
    .scope S_0x55debbad9500;
T_2 ;
    %wait E_0x55debbab1c70;
    %load/vec4 v0x55debbad99a0_0;
    %flag_set/vec4 8;
    %jmp/0xz  T_2.0, 8;
    %pushi/vec4 0, 0, 1;
    %assign/vec4 v0x55debbad9900_0, 0;
    %jmp T_2.1;
T_2.0 ;
    %load/vec4 v0x55debbad9a90_0;
    %pad/u 32;
    %cmpi/e 1, 0, 32;
    %jmp/0xz  T_2.2, 4;
    %load/vec4 v0x55debbad9900_0;
    %inv;
    %assign/vec4 v0x55debbad9900_0, 0;
    %jmp T_2.3;
T_2.2 ;
    %load/vec4 v0x55debbad9900_0;
    %assign/vec4 v0x55debbad9900_0, 0;
T_2.3 ;
T_2.1 ;
    %jmp T_2;
    .thread T_2;
    .scope S_0x55debbad9c20;
T_3 ;
    %wait E_0x55debbab1c70;
    %load/vec4 v0x55debbada0c0_0;
    %flag_set/vec4 8;
    %jmp/0xz  T_3.0, 8;
    %pushi/vec4 0, 0, 1;
    %assign/vec4 v0x55debbada020_0, 0;
    %jmp T_3.1;
T_3.0 ;
    %load/vec4 v0x55debbada160_0;
    %pad/u 32;
    %cmpi/e 1, 0, 32;
    %jmp/0xz  T_3.2, 4;
    %load/vec4 v0x55debbada020_0;
    %inv;
    %assign/vec4 v0x55debbada020_0, 0;
    %jmp T_3.3;
T_3.2 ;
    %load/vec4 v0x55debbada020_0;
    %assign/vec4 v0x55debbada020_0, 0;
T_3.3 ;
T_3.1 ;
    %jmp T_3;
    .thread T_3;
# The file index is used to find the file name in the following table.
:file_names 3;
    "N/A";
    "<interactive>";
    "mode_counter.v";
