#! /usr/bin/vvp
:ivl_version "11.0 (stable)";
:ivl_delay_selection "TYPICAL";
:vpi_time_precision + 0;
:vpi_module "/usr/lib/x86_64-linux-gnu/ivl/system.vpi";
:vpi_module "/usr/lib/x86_64-linux-gnu/ivl/vhdl_sys.vpi";
:vpi_module "/usr/lib/x86_64-linux-gnu/ivl/vhdl_textio.vpi";
:vpi_module "/usr/lib/x86_64-linux-gnu/ivl/v2005_math.vpi";
:vpi_module "/usr/lib/x86_64-linux-gnu/ivl/va_math.vpi";
S_0x5585a5587210 .scope module, "tb_model_counter" "tb_model_counter" 2 2;
 .timescale 0 0;
v0x5585a55ada10_0 .var "clk", 0 0;
v0x5585a55adad0_0 .net "counter", 7 0, L_0x5585a55b3d90;  1 drivers
v0x5585a55adb90_0 .var "mode", 0 0;
v0x5585a55adc90_0 .var "reset", 0 0;
S_0x5585a556e320 .scope module, "c1" "mode_counter" 2 6, 3 25 0, S_0x5585a5587210;
 .timescale 0 0;
    .port_info 0 /INPUT 1 "clk";
    .port_info 1 /INPUT 1 "reset";
    .port_info 2 /INPUT 1 "mode";
    .port_info 3 /OUTPUT 8 "counter";
P_0x5585a556e4b0 .param/l "sz" 0 3 27, +C4<00000000000000000000000000001000>;
L_0x7f609eed0018 .functor BUFT 1, C4<1>, C4<0>, C4<0>, C4<0>;
v0x5585a55ad120_0 .net/2u *"_ivl_122", 0 0, L_0x7f609eed0018;  1 drivers
v0x5585a55ad220_0 .net "ad1", 6 0, L_0x5585a55b2100;  1 drivers
v0x5585a55ad300_0 .net "ad2", 6 0, L_0x5585a55b2940;  1 drivers
v0x5585a55ad3c0_0 .net "clk", 0 0, v0x5585a55ada10_0;  1 drivers
v0x5585a55ad460_0 .net "counter", 7 0, L_0x5585a55b3d90;  alias, 1 drivers
v0x5585a55ad590_0 .net "mode", 0 0, v0x5585a55adb90_0;  1 drivers
v0x5585a55ad650_0 .net "q_b", 7 0, L_0x5585a55b4100;  1 drivers
v0x5585a55ad730_0 .net "reset", 0 0, v0x5585a55adc90_0;  1 drivers
v0x5585a55ad7d0_0 .net "t", 7 0, L_0x5585a55b39e0;  1 drivers
v0x5585a55ad8b0_0 .net "xr1", 6 0, L_0x5585a55b3030;  1 drivers
L_0x5585a55add90 .part L_0x5585a55b3030, 0, 1;
L_0x5585a55ade90 .part L_0x5585a55b3d90, 0, 1;
L_0x5585a55ae050 .part L_0x5585a55b4100, 0, 1;
L_0x5585a55ae170 .part L_0x5585a55b2100, 0, 1;
L_0x5585a55ae270 .part L_0x5585a55b2940, 0, 1;
L_0x5585a55ae470 .part L_0x5585a55b3030, 1, 1;
L_0x5585a55ae5d0 .part L_0x5585a55b3d90, 1, 1;
L_0x5585a55ae670 .part L_0x5585a55b2100, 0, 1;
L_0x5585a55ae8c0 .part L_0x5585a55b4100, 1, 1;
L_0x5585a55ae9b0 .part L_0x5585a55b2940, 0, 1;
L_0x5585a55aebc0 .part L_0x5585a55b2100, 1, 1;
L_0x5585a55aec60 .part L_0x5585a55b2940, 1, 1;
L_0x5585a55aeef0 .part L_0x5585a55b3030, 2, 1;
L_0x5585a55aefc0 .part L_0x5585a55b3d90, 2, 1;
L_0x5585a55af110 .part L_0x5585a55b2100, 1, 1;
L_0x5585a55af2a0 .part L_0x5585a55b4100, 2, 1;
L_0x5585a55af3d0 .part L_0x5585a55b2940, 1, 1;
L_0x5585a55af5f0 .part L_0x5585a55b2100, 2, 1;
L_0x5585a55af730 .part L_0x5585a55b2940, 2, 1;
L_0x5585a55af980 .part L_0x5585a55b3030, 3, 1;
L_0x5585a55af690 .part L_0x5585a55b3d90, 3, 1;
L_0x5585a55afb30 .part L_0x5585a55b2100, 2, 1;
L_0x5585a55afdb0 .part L_0x5585a55b4100, 3, 1;
L_0x5585a55afee0 .part L_0x5585a55b2940, 2, 1;
L_0x5585a55b0140 .part L_0x5585a55b2100, 3, 1;
L_0x5585a55b01e0 .part L_0x5585a55b2940, 3, 1;
L_0x5585a55b0510 .part L_0x5585a55b3030, 4, 1;
L_0x5585a55b05e0 .part L_0x5585a55b3d90, 4, 1;
L_0x5585a55b07a0 .part L_0x5585a55b2100, 3, 1;
L_0x5585a55b0ac0 .part L_0x5585a55b4100, 4, 1;
L_0x5585a55b0c60 .part L_0x5585a55b2940, 3, 1;
L_0x5585a55b0f50 .part L_0x5585a55b2100, 4, 1;
L_0x5585a55b1100 .part L_0x5585a55b2940, 4, 1;
L_0x5585a55b1350 .part L_0x5585a55b3030, 5, 1;
L_0x5585a55b1540 .part L_0x5585a55b3d90, 5, 1;
L_0x5585a55b1610 .part L_0x5585a55b2100, 4, 1;
L_0x5585a55b1860 .part L_0x5585a55b4100, 5, 1;
L_0x5585a55b1900 .part L_0x5585a55b2940, 4, 1;
L_0x5585a55b1bf0 .part L_0x5585a55b2100, 5, 1;
L_0x5585a55b1c90 .part L_0x5585a55b2940, 5, 1;
L_0x5585a55b2030 .part L_0x5585a55b3030, 6, 1;
LS_0x5585a55b2100_0_0 .concat8 [ 1 1 1 1], L_0x5585a557b010, L_0x5585a55ae7b0, L_0x5585a55aed00, L_0x5585a55afcc0;
LS_0x5585a55b2100_0_4 .concat8 [ 1 1 1 0], L_0x5585a55b0980, L_0x5585a55b1420, L_0x5585a55b27e0;
L_0x5585a55b2100 .concat8 [ 4 3 0 0], LS_0x5585a55b2100_0_0, LS_0x5585a55b2100_0_4;
L_0x5585a55b2530 .part L_0x5585a55b3d90, 6, 1;
L_0x5585a55b25d0 .part L_0x5585a55b2100, 5, 1;
LS_0x5585a55b2940_0_0 .concat8 [ 1 1 1 1], L_0x5585a5576eb0, L_0x5585a55aeb00, L_0x5585a55af500, L_0x5585a55b0050;
LS_0x5585a55b2940_0_4 .concat8 [ 1 1 1 0], L_0x5585a55b0e10, L_0x5585a55b1ae0, L_0x5585a55b2ed0;
L_0x5585a55b2940 .concat8 [ 4 3 0 0], LS_0x5585a55b2940_0_0, LS_0x5585a55b2940_0_4;
L_0x5585a55b2c10 .part L_0x5585a55b4100, 6, 1;
L_0x5585a55b2e30 .part L_0x5585a55b2940, 5, 1;
LS_0x5585a55b3030_0_0 .concat8 [ 1 1 1 1], L_0x5585a5572d50, L_0x5585a55aed70, L_0x5585a55af7d0, L_0x5585a55b0360;
LS_0x5585a55b3030_0_4 .concat8 [ 1 1 1 0], L_0x5585a55b11a0, L_0x5585a55b1e80, L_0x5585a55b3880;
L_0x5585a55b3030 .concat8 [ 4 3 0 0], LS_0x5585a55b3030_0_0, LS_0x5585a55b3030_0_4;
L_0x5585a55b35a0 .part L_0x5585a55b2100, 6, 1;
L_0x5585a55b3640 .part L_0x5585a55b2940, 6, 1;
L_0x5585a55b39e0 .part/pv L_0x7f609eed0018, 0, 1, 8;
L_0x5585a55b3af0 .part L_0x5585a55b39e0, 0, 1;
LS_0x5585a55b3d90_0_0 .concat8 [ 1 1 1 1], v0x5585a55ace20_0, v0x5585a55a4e30_0, v0x5585a55a61e0_0, v0x5585a55a75d0_0;
LS_0x5585a55b3d90_0_4 .concat8 [ 1 1 1 1], v0x5585a55a8a20_0, v0x5585a55a9f00_0, v0x5585a55ab2f0_0, v0x5585a55ac720_0;
L_0x5585a55b3d90 .concat8 [ 4 4 0 0], LS_0x5585a55b3d90_0_0, LS_0x5585a55b3d90_0_4;
LS_0x5585a55b4100_0_0 .concat8 [ 1 1 1 1], L_0x5585a55b3a80, L_0x5585a5583360, L_0x5585a5561fb0, L_0x5585a55aee80;
LS_0x5585a55b4100_0_4 .concat8 [ 1 1 1 1], L_0x5585a55af910, L_0x5585a55b04a0, L_0x5585a55b12e0, L_0x5585a55b1fc0;
L_0x5585a55b4100 .concat8 [ 4 4 0 0], LS_0x5585a55b4100_0_0, LS_0x5585a55b4100_0_4;
S_0x5585a556e550 .scope generate, "genblk1[1]" "genblk1[1]" 3 47, 3 47 0, S_0x5585a556e320;
 .timescale 0 0;
P_0x5585a556e730 .param/l "i" 0 3 47, +C4<01>;
S_0x5585a552ccf0 .scope generate, "genblk2" "genblk2" 3 49, 3 49 0, S_0x5585a556e550;
 .timescale 0 0;
L_0x5585a557f170 .functor NOT 1, v0x5585a55adb90_0, C4<0>, C4<0>, C4<0>;
L_0x5585a557b010 .functor AND 1, L_0x5585a55ade90, L_0x5585a557f170, C4<1>, C4<1>;
L_0x5585a5576eb0 .functor AND 1, L_0x5585a55ae050, v0x5585a55adb90_0, C4<1>, C4<1>;
L_0x5585a5572d50 .functor XOR 1, L_0x5585a55ae170, L_0x5585a55ae270, C4<0>, C4<0>;
v0x5585a557fad0_0 .net *"_ivl_0", 0 0, L_0x5585a55ade90;  1 drivers
v0x5585a557b970_0 .net *"_ivl_1", 0 0, L_0x5585a557f170;  1 drivers
v0x5585a5577810_0 .net *"_ivl_10", 0 0, L_0x5585a5572d50;  1 drivers
v0x5585a55736b0_0 .net *"_ivl_3", 0 0, L_0x5585a557b010;  1 drivers
v0x5585a5562910_0 .net *"_ivl_5", 0 0, L_0x5585a55ae050;  1 drivers
v0x5585a555ebe0_0 .net *"_ivl_6", 0 0, L_0x5585a5576eb0;  1 drivers
v0x5585a55875b0_0 .net *"_ivl_8", 0 0, L_0x5585a55ae170;  1 drivers
v0x5585a55a4910_0 .net *"_ivl_9", 0 0, L_0x5585a55ae270;  1 drivers
S_0x5585a55a49f0 .scope module, "t1" "tff" 3 59, 3 1 0, S_0x5585a556e550;
 .timescale 0 0;
    .port_info 0 /INPUT 1 "clk";
    .port_info 1 /INPUT 1 "rst";
    .port_info 2 /INPUT 1 "t";
    .port_info 3 /OUTPUT 1 "q";
    .port_info 4 /OUTPUT 1 "b_q";
L_0x5585a5583360 .functor NOT 1, v0x5585a55a4e30_0, C4<0>, C4<0>, C4<0>;
v0x5585a55a4c90_0 .net "b_q", 0 0, L_0x5585a5583360;  1 drivers
v0x5585a55a4d70_0 .net "clk", 0 0, v0x5585a55ada10_0;  alias, 1 drivers
v0x5585a55a4e30_0 .var "q", 0 0;
v0x5585a55a4ed0_0 .net "rst", 0 0, v0x5585a55adc90_0;  alias, 1 drivers
v0x5585a55a4f90_0 .net "t", 0 0, L_0x5585a55add90;  1 drivers
E_0x5585a55689f0 .event posedge, v0x5585a55a4d70_0;
S_0x5585a55a5140 .scope generate, "genblk1[2]" "genblk1[2]" 3 47, 3 47 0, S_0x5585a556e320;
 .timescale 0 0;
P_0x5585a55a5360 .param/l "i" 0 3 47, +C4<010>;
S_0x5585a55a5420 .scope generate, "genblk3" "genblk3" 3 49, 3 49 0, S_0x5585a55a5140;
 .timescale 0 0;
L_0x5585a55ae7b0 .functor AND 1, L_0x5585a55ae5d0, L_0x5585a55ae670, C4<1>, C4<1>;
L_0x5585a55aeb00 .functor AND 1, L_0x5585a55ae8c0, L_0x5585a55ae9b0, C4<1>, C4<1>;
L_0x5585a55aed70 .functor XOR 1, L_0x5585a55aebc0, L_0x5585a55aec60, C4<0>, C4<0>;
v0x5585a55a5600_0 .net *"_ivl_0", 0 0, L_0x5585a55ae5d0;  1 drivers
v0x5585a55a5700_0 .net *"_ivl_1", 0 0, L_0x5585a55ae670;  1 drivers
v0x5585a55a57e0_0 .net *"_ivl_10", 0 0, L_0x5585a55aed70;  1 drivers
v0x5585a55a58a0_0 .net *"_ivl_2", 0 0, L_0x5585a55ae7b0;  1 drivers
v0x5585a55a5980_0 .net *"_ivl_4", 0 0, L_0x5585a55ae8c0;  1 drivers
v0x5585a55a5ab0_0 .net *"_ivl_5", 0 0, L_0x5585a55ae9b0;  1 drivers
v0x5585a55a5b90_0 .net *"_ivl_6", 0 0, L_0x5585a55aeb00;  1 drivers
v0x5585a55a5c70_0 .net *"_ivl_8", 0 0, L_0x5585a55aebc0;  1 drivers
v0x5585a55a5d50_0 .net *"_ivl_9", 0 0, L_0x5585a55aec60;  1 drivers
S_0x5585a55a5e30 .scope module, "t1" "tff" 3 59, 3 1 0, S_0x5585a55a5140;
 .timescale 0 0;
    .port_info 0 /INPUT 1 "clk";
    .port_info 1 /INPUT 1 "rst";
    .port_info 2 /INPUT 1 "t";
    .port_info 3 /OUTPUT 1 "q";
    .port_info 4 /OUTPUT 1 "b_q";
L_0x5585a5561fb0 .functor NOT 1, v0x5585a55a61e0_0, C4<0>, C4<0>, C4<0>;
v0x5585a55a6060_0 .net "b_q", 0 0, L_0x5585a5561fb0;  1 drivers
v0x5585a55a6120_0 .net "clk", 0 0, v0x5585a55ada10_0;  alias, 1 drivers
v0x5585a55a61e0_0 .var "q", 0 0;
v0x5585a55a62b0_0 .net "rst", 0 0, v0x5585a55adc90_0;  alias, 1 drivers
v0x5585a55a6380_0 .net "t", 0 0, L_0x5585a55ae470;  1 drivers
S_0x5585a55a64d0 .scope generate, "genblk1[3]" "genblk1[3]" 3 47, 3 47 0, S_0x5585a556e320;
 .timescale 0 0;
P_0x5585a55a66d0 .param/l "i" 0 3 47, +C4<011>;
S_0x5585a55a6790 .scope generate, "genblk3" "genblk3" 3 49, 3 49 0, S_0x5585a55a64d0;
 .timescale 0 0;
L_0x5585a55aed00 .functor AND 1, L_0x5585a55aefc0, L_0x5585a55af110, C4<1>, C4<1>;
L_0x5585a55af500 .functor AND 1, L_0x5585a55af2a0, L_0x5585a55af3d0, C4<1>, C4<1>;
L_0x5585a55af7d0 .functor XOR 1, L_0x5585a55af5f0, L_0x5585a55af730, C4<0>, C4<0>;
v0x5585a55a6970_0 .net *"_ivl_0", 0 0, L_0x5585a55aefc0;  1 drivers
v0x5585a55a6a70_0 .net *"_ivl_1", 0 0, L_0x5585a55af110;  1 drivers
v0x5585a55a6b50_0 .net *"_ivl_10", 0 0, L_0x5585a55af7d0;  1 drivers
v0x5585a55a6c40_0 .net *"_ivl_2", 0 0, L_0x5585a55aed00;  1 drivers
v0x5585a55a6d20_0 .net *"_ivl_4", 0 0, L_0x5585a55af2a0;  1 drivers
v0x5585a55a6e50_0 .net *"_ivl_5", 0 0, L_0x5585a55af3d0;  1 drivers
v0x5585a55a6f30_0 .net *"_ivl_6", 0 0, L_0x5585a55af500;  1 drivers
v0x5585a55a7010_0 .net *"_ivl_8", 0 0, L_0x5585a55af5f0;  1 drivers
v0x5585a55a70f0_0 .net *"_ivl_9", 0 0, L_0x5585a55af730;  1 drivers
S_0x5585a55a71d0 .scope module, "t1" "tff" 3 59, 3 1 0, S_0x5585a55a64d0;
 .timescale 0 0;
    .port_info 0 /INPUT 1 "clk";
    .port_info 1 /INPUT 1 "rst";
    .port_info 2 /INPUT 1 "t";
    .port_info 3 /OUTPUT 1 "q";
    .port_info 4 /OUTPUT 1 "b_q";
L_0x5585a55aee80 .functor NOT 1, v0x5585a55a75d0_0, C4<0>, C4<0>, C4<0>;
v0x5585a55a7400_0 .net "b_q", 0 0, L_0x5585a55aee80;  1 drivers
v0x5585a55a74c0_0 .net "clk", 0 0, v0x5585a55ada10_0;  alias, 1 drivers
v0x5585a55a75d0_0 .var "q", 0 0;
v0x5585a55a7670_0 .net "rst", 0 0, v0x5585a55adc90_0;  alias, 1 drivers
v0x5585a55a7760_0 .net "t", 0 0, L_0x5585a55aeef0;  1 drivers
S_0x5585a55a78f0 .scope generate, "genblk1[4]" "genblk1[4]" 3 47, 3 47 0, S_0x5585a556e320;
 .timescale 0 0;
P_0x5585a55a7af0 .param/l "i" 0 3 47, +C4<0100>;
S_0x5585a55a7bd0 .scope generate, "genblk3" "genblk3" 3 49, 3 49 0, S_0x5585a55a78f0;
 .timescale 0 0;
L_0x5585a55afcc0 .functor AND 1, L_0x5585a55af690, L_0x5585a55afb30, C4<1>, C4<1>;
L_0x5585a55b0050 .functor AND 1, L_0x5585a55afdb0, L_0x5585a55afee0, C4<1>, C4<1>;
L_0x5585a55b0360 .functor XOR 1, L_0x5585a55b0140, L_0x5585a55b01e0, C4<0>, C4<0>;
v0x5585a55a7db0_0 .net *"_ivl_0", 0 0, L_0x5585a55af690;  1 drivers
v0x5585a55a7eb0_0 .net *"_ivl_1", 0 0, L_0x5585a55afb30;  1 drivers
v0x5585a55a7f90_0 .net *"_ivl_10", 0 0, L_0x5585a55b0360;  1 drivers
v0x5585a55a8050_0 .net *"_ivl_2", 0 0, L_0x5585a55afcc0;  1 drivers
v0x5585a55a8130_0 .net *"_ivl_4", 0 0, L_0x5585a55afdb0;  1 drivers
v0x5585a55a8260_0 .net *"_ivl_5", 0 0, L_0x5585a55afee0;  1 drivers
v0x5585a55a8340_0 .net *"_ivl_6", 0 0, L_0x5585a55b0050;  1 drivers
v0x5585a55a8420_0 .net *"_ivl_8", 0 0, L_0x5585a55b0140;  1 drivers
v0x5585a55a8500_0 .net *"_ivl_9", 0 0, L_0x5585a55b01e0;  1 drivers
S_0x5585a55a8670 .scope module, "t1" "tff" 3 59, 3 1 0, S_0x5585a55a78f0;
 .timescale 0 0;
    .port_info 0 /INPUT 1 "clk";
    .port_info 1 /INPUT 1 "rst";
    .port_info 2 /INPUT 1 "t";
    .port_info 3 /OUTPUT 1 "q";
    .port_info 4 /OUTPUT 1 "b_q";
L_0x5585a55af910 .functor NOT 1, v0x5585a55a8a20_0, C4<0>, C4<0>, C4<0>;
v0x5585a55a88a0_0 .net "b_q", 0 0, L_0x5585a55af910;  1 drivers
v0x5585a55a8960_0 .net "clk", 0 0, v0x5585a55ada10_0;  alias, 1 drivers
v0x5585a55a8a20_0 .var "q", 0 0;
v0x5585a55a8ac0_0 .net "rst", 0 0, v0x5585a55adc90_0;  alias, 1 drivers
v0x5585a55a8b60_0 .net "t", 0 0, L_0x5585a55af980;  1 drivers
S_0x5585a55a8cf0 .scope generate, "genblk1[5]" "genblk1[5]" 3 47, 3 47 0, S_0x5585a556e320;
 .timescale 0 0;
P_0x5585a55a8f40 .param/l "i" 0 3 47, +C4<0101>;
S_0x5585a55a9020 .scope generate, "genblk3" "genblk3" 3 49, 3 49 0, S_0x5585a55a8cf0;
 .timescale 0 0;
L_0x5585a55b0980 .functor AND 1, L_0x5585a55b05e0, L_0x5585a55b07a0, C4<1>, C4<1>;
L_0x5585a55b0e10 .functor AND 1, L_0x5585a55b0ac0, L_0x5585a55b0c60, C4<1>, C4<1>;
L_0x5585a55b11a0 .functor XOR 1, L_0x5585a55b0f50, L_0x5585a55b1100, C4<0>, C4<0>;
v0x5585a55a9200_0 .net *"_ivl_0", 0 0, L_0x5585a55b05e0;  1 drivers
v0x5585a55a9300_0 .net *"_ivl_1", 0 0, L_0x5585a55b07a0;  1 drivers
v0x5585a55a93e0_0 .net *"_ivl_10", 0 0, L_0x5585a55b11a0;  1 drivers
v0x5585a55a94a0_0 .net *"_ivl_2", 0 0, L_0x5585a55b0980;  1 drivers
v0x5585a55a9580_0 .net *"_ivl_4", 0 0, L_0x5585a55b0ac0;  1 drivers
v0x5585a55a96b0_0 .net *"_ivl_5", 0 0, L_0x5585a55b0c60;  1 drivers
v0x5585a55a9790_0 .net *"_ivl_6", 0 0, L_0x5585a55b0e10;  1 drivers
v0x5585a55a9870_0 .net *"_ivl_8", 0 0, L_0x5585a55b0f50;  1 drivers
v0x5585a55a9950_0 .net *"_ivl_9", 0 0, L_0x5585a55b1100;  1 drivers
S_0x5585a55a9ac0 .scope module, "t1" "tff" 3 59, 3 1 0, S_0x5585a55a8cf0;
 .timescale 0 0;
    .port_info 0 /INPUT 1 "clk";
    .port_info 1 /INPUT 1 "rst";
    .port_info 2 /INPUT 1 "t";
    .port_info 3 /OUTPUT 1 "q";
    .port_info 4 /OUTPUT 1 "b_q";
L_0x5585a55b04a0 .functor NOT 1, v0x5585a55a9f00_0, C4<0>, C4<0>, C4<0>;
v0x5585a55a9cf0_0 .net "b_q", 0 0, L_0x5585a55b04a0;  1 drivers
v0x5585a55a9db0_0 .net "clk", 0 0, v0x5585a55ada10_0;  alias, 1 drivers
v0x5585a55a9f00_0 .var "q", 0 0;
v0x5585a55a9fa0_0 .net "rst", 0 0, v0x5585a55adc90_0;  alias, 1 drivers
v0x5585a55aa0d0_0 .net "t", 0 0, L_0x5585a55b0510;  1 drivers
S_0x5585a55aa210 .scope generate, "genblk1[6]" "genblk1[6]" 3 47, 3 47 0, S_0x5585a556e320;
 .timescale 0 0;
P_0x5585a55aa3c0 .param/l "i" 0 3 47, +C4<0110>;
S_0x5585a55aa4a0 .scope generate, "genblk3" "genblk3" 3 49, 3 49 0, S_0x5585a55aa210;
 .timescale 0 0;
L_0x5585a55b1420 .functor AND 1, L_0x5585a55b1540, L_0x5585a55b1610, C4<1>, C4<1>;
L_0x5585a55b1ae0 .functor AND 1, L_0x5585a55b1860, L_0x5585a55b1900, C4<1>, C4<1>;
L_0x5585a55b1e80 .functor XOR 1, L_0x5585a55b1bf0, L_0x5585a55b1c90, C4<0>, C4<0>;
v0x5585a55aa680_0 .net *"_ivl_0", 0 0, L_0x5585a55b1540;  1 drivers
v0x5585a55aa780_0 .net *"_ivl_1", 0 0, L_0x5585a55b1610;  1 drivers
v0x5585a55aa860_0 .net *"_ivl_10", 0 0, L_0x5585a55b1e80;  1 drivers
v0x5585a55aa920_0 .net *"_ivl_2", 0 0, L_0x5585a55b1420;  1 drivers
v0x5585a55aaa00_0 .net *"_ivl_4", 0 0, L_0x5585a55b1860;  1 drivers
v0x5585a55aab30_0 .net *"_ivl_5", 0 0, L_0x5585a55b1900;  1 drivers
v0x5585a55aac10_0 .net *"_ivl_6", 0 0, L_0x5585a55b1ae0;  1 drivers
v0x5585a55aacf0_0 .net *"_ivl_8", 0 0, L_0x5585a55b1bf0;  1 drivers
v0x5585a55aadd0_0 .net *"_ivl_9", 0 0, L_0x5585a55b1c90;  1 drivers
S_0x5585a55aaf40 .scope module, "t1" "tff" 3 59, 3 1 0, S_0x5585a55aa210;
 .timescale 0 0;
    .port_info 0 /INPUT 1 "clk";
    .port_info 1 /INPUT 1 "rst";
    .port_info 2 /INPUT 1 "t";
    .port_info 3 /OUTPUT 1 "q";
    .port_info 4 /OUTPUT 1 "b_q";
L_0x5585a55b12e0 .functor NOT 1, v0x5585a55ab2f0_0, C4<0>, C4<0>, C4<0>;
v0x5585a55ab170_0 .net "b_q", 0 0, L_0x5585a55b12e0;  1 drivers
v0x5585a55ab230_0 .net "clk", 0 0, v0x5585a55ada10_0;  alias, 1 drivers
v0x5585a55ab2f0_0 .var "q", 0 0;
v0x5585a55ab3c0_0 .net "rst", 0 0, v0x5585a55adc90_0;  alias, 1 drivers
v0x5585a55ab460_0 .net "t", 0 0, L_0x5585a55b1350;  1 drivers
S_0x5585a55ab5f0 .scope generate, "genblk1[7]" "genblk1[7]" 3 47, 3 47 0, S_0x5585a556e320;
 .timescale 0 0;
P_0x5585a55ab7f0 .param/l "i" 0 3 47, +C4<0111>;
S_0x5585a55ab8d0 .scope generate, "genblk3" "genblk3" 3 49, 3 49 0, S_0x5585a55ab5f0;
 .timescale 0 0;
L_0x5585a55b27e0 .functor AND 1, L_0x5585a55b2530, L_0x5585a55b25d0, C4<1>, C4<1>;
L_0x5585a55b2ed0 .functor AND 1, L_0x5585a55b2c10, L_0x5585a55b2e30, C4<1>, C4<1>;
L_0x5585a55b3880 .functor XOR 1, L_0x5585a55b35a0, L_0x5585a55b3640, C4<0>, C4<0>;
v0x5585a55abab0_0 .net *"_ivl_0", 0 0, L_0x5585a55b2530;  1 drivers
v0x5585a55abbb0_0 .net *"_ivl_1", 0 0, L_0x5585a55b25d0;  1 drivers
v0x5585a55abc90_0 .net *"_ivl_10", 0 0, L_0x5585a55b3880;  1 drivers
v0x5585a55abd50_0 .net *"_ivl_2", 0 0, L_0x5585a55b27e0;  1 drivers
v0x5585a55abe30_0 .net *"_ivl_4", 0 0, L_0x5585a55b2c10;  1 drivers
v0x5585a55abf60_0 .net *"_ivl_5", 0 0, L_0x5585a55b2e30;  1 drivers
v0x5585a55ac040_0 .net *"_ivl_6", 0 0, L_0x5585a55b2ed0;  1 drivers
v0x5585a55ac120_0 .net *"_ivl_8", 0 0, L_0x5585a55b35a0;  1 drivers
v0x5585a55ac200_0 .net *"_ivl_9", 0 0, L_0x5585a55b3640;  1 drivers
S_0x5585a55ac370 .scope module, "t1" "tff" 3 59, 3 1 0, S_0x5585a55ab5f0;
 .timescale 0 0;
    .port_info 0 /INPUT 1 "clk";
    .port_info 1 /INPUT 1 "rst";
    .port_info 2 /INPUT 1 "t";
    .port_info 3 /OUTPUT 1 "q";
    .port_info 4 /OUTPUT 1 "b_q";
L_0x5585a55b1fc0 .functor NOT 1, v0x5585a55ac720_0, C4<0>, C4<0>, C4<0>;
v0x5585a55ac5a0_0 .net "b_q", 0 0, L_0x5585a55b1fc0;  1 drivers
v0x5585a55ac660_0 .net "clk", 0 0, v0x5585a55ada10_0;  alias, 1 drivers
v0x5585a55ac720_0 .var "q", 0 0;
v0x5585a55ac7f0_0 .net "rst", 0 0, v0x5585a55adc90_0;  alias, 1 drivers
v0x5585a55ac890_0 .net "t", 0 0, L_0x5585a55b2030;  1 drivers
S_0x5585a55aca20 .scope module, "t1" "tff" 3 43, 3 1 0, S_0x5585a556e320;
 .timescale 0 0;
    .port_info 0 /INPUT 1 "clk";
    .port_info 1 /INPUT 1 "rst";
    .port_info 2 /INPUT 1 "t";
    .port_info 3 /OUTPUT 1 "q";
    .port_info 4 /OUTPUT 1 "b_q";
L_0x5585a55b3a80 .functor NOT 1, v0x5585a55ace20_0, C4<0>, C4<0>, C4<0>;
v0x5585a55acc80_0 .net "b_q", 0 0, L_0x5585a55b3a80;  1 drivers
v0x5585a55acd60_0 .net "clk", 0 0, v0x5585a55ada10_0;  alias, 1 drivers
v0x5585a55ace20_0 .var "q", 0 0;
v0x5585a55acef0_0 .net "rst", 0 0, v0x5585a55adc90_0;  alias, 1 drivers
v0x5585a55acf90_0 .net "t", 0 0, L_0x5585a55b3af0;  1 drivers
    .scope S_0x5585a55a49f0;
T_0 ;
    %wait E_0x5585a55689f0;
    %load/vec4 v0x5585a55a4ed0_0;
    %flag_set/vec4 8;
    %jmp/0xz  T_0.0, 8;
    %pushi/vec4 0, 0, 1;
    %assign/vec4 v0x5585a55a4e30_0, 0;
    %jmp T_0.1;
T_0.0 ;
    %load/vec4 v0x5585a55a4f90_0;
    %pad/u 32;
    %cmpi/e 1, 0, 32;
    %jmp/0xz  T_0.2, 4;
    %load/vec4 v0x5585a55a4e30_0;
    %inv;
    %assign/vec4 v0x5585a55a4e30_0, 0;
    %jmp T_0.3;
T_0.2 ;
    %load/vec4 v0x5585a55a4e30_0;
    %assign/vec4 v0x5585a55a4e30_0, 0;
T_0.3 ;
T_0.1 ;
    %jmp T_0;
    .thread T_0;
    .scope S_0x5585a55a5e30;
T_1 ;
    %wait E_0x5585a55689f0;
    %load/vec4 v0x5585a55a62b0_0;
    %flag_set/vec4 8;
    %jmp/0xz  T_1.0, 8;
    %pushi/vec4 0, 0, 1;
    %assign/vec4 v0x5585a55a61e0_0, 0;
    %jmp T_1.1;
T_1.0 ;
    %load/vec4 v0x5585a55a6380_0;
    %pad/u 32;
    %cmpi/e 1, 0, 32;
    %jmp/0xz  T_1.2, 4;
    %load/vec4 v0x5585a55a61e0_0;
    %inv;
    %assign/vec4 v0x5585a55a61e0_0, 0;
    %jmp T_1.3;
T_1.2 ;
    %load/vec4 v0x5585a55a61e0_0;
    %assign/vec4 v0x5585a55a61e0_0, 0;
T_1.3 ;
T_1.1 ;
    %jmp T_1;
    .thread T_1;
    .scope S_0x5585a55a71d0;
T_2 ;
    %wait E_0x5585a55689f0;
    %load/vec4 v0x5585a55a7670_0;
    %flag_set/vec4 8;
    %jmp/0xz  T_2.0, 8;
    %pushi/vec4 0, 0, 1;
    %assign/vec4 v0x5585a55a75d0_0, 0;
    %jmp T_2.1;
T_2.0 ;
    %load/vec4 v0x5585a55a7760_0;
    %pad/u 32;
    %cmpi/e 1, 0, 32;
    %jmp/0xz  T_2.2, 4;
    %load/vec4 v0x5585a55a75d0_0;
    %inv;
    %assign/vec4 v0x5585a55a75d0_0, 0;
    %jmp T_2.3;
T_2.2 ;
    %load/vec4 v0x5585a55a75d0_0;
    %assign/vec4 v0x5585a55a75d0_0, 0;
T_2.3 ;
T_2.1 ;
    %jmp T_2;
    .thread T_2;
    .scope S_0x5585a55a8670;
T_3 ;
    %wait E_0x5585a55689f0;
    %load/vec4 v0x5585a55a8ac0_0;
    %flag_set/vec4 8;
    %jmp/0xz  T_3.0, 8;
    %pushi/vec4 0, 0, 1;
    %assign/vec4 v0x5585a55a8a20_0, 0;
    %jmp T_3.1;
T_3.0 ;
    %load/vec4 v0x5585a55a8b60_0;
    %pad/u 32;
    %cmpi/e 1, 0, 32;
    %jmp/0xz  T_3.2, 4;
    %load/vec4 v0x5585a55a8a20_0;
    %inv;
    %assign/vec4 v0x5585a55a8a20_0, 0;
    %jmp T_3.3;
T_3.2 ;
    %load/vec4 v0x5585a55a8a20_0;
    %assign/vec4 v0x5585a55a8a20_0, 0;
T_3.3 ;
T_3.1 ;
    %jmp T_3;
    .thread T_3;
    .scope S_0x5585a55a9ac0;
T_4 ;
    %wait E_0x5585a55689f0;
    %load/vec4 v0x5585a55a9fa0_0;
    %flag_set/vec4 8;
    %jmp/0xz  T_4.0, 8;
    %pushi/vec4 0, 0, 1;
    %assign/vec4 v0x5585a55a9f00_0, 0;
    %jmp T_4.1;
T_4.0 ;
    %load/vec4 v0x5585a55aa0d0_0;
    %pad/u 32;
    %cmpi/e 1, 0, 32;
    %jmp/0xz  T_4.2, 4;
    %load/vec4 v0x5585a55a9f00_0;
    %inv;
    %assign/vec4 v0x5585a55a9f00_0, 0;
    %jmp T_4.3;
T_4.2 ;
    %load/vec4 v0x5585a55a9f00_0;
    %assign/vec4 v0x5585a55a9f00_0, 0;
T_4.3 ;
T_4.1 ;
    %jmp T_4;
    .thread T_4;
    .scope S_0x5585a55aaf40;
T_5 ;
    %wait E_0x5585a55689f0;
    %load/vec4 v0x5585a55ab3c0_0;
    %flag_set/vec4 8;
    %jmp/0xz  T_5.0, 8;
    %pushi/vec4 0, 0, 1;
    %assign/vec4 v0x5585a55ab2f0_0, 0;
    %jmp T_5.1;
T_5.0 ;
    %load/vec4 v0x5585a55ab460_0;
    %pad/u 32;
    %cmpi/e 1, 0, 32;
    %jmp/0xz  T_5.2, 4;
    %load/vec4 v0x5585a55ab2f0_0;
    %inv;
    %assign/vec4 v0x5585a55ab2f0_0, 0;
    %jmp T_5.3;
T_5.2 ;
    %load/vec4 v0x5585a55ab2f0_0;
    %assign/vec4 v0x5585a55ab2f0_0, 0;
T_5.3 ;
T_5.1 ;
    %jmp T_5;
    .thread T_5;
    .scope S_0x5585a55ac370;
T_6 ;
    %wait E_0x5585a55689f0;
    %load/vec4 v0x5585a55ac7f0_0;
    %flag_set/vec4 8;
    %jmp/0xz  T_6.0, 8;
    %pushi/vec4 0, 0, 1;
    %assign/vec4 v0x5585a55ac720_0, 0;
    %jmp T_6.1;
T_6.0 ;
    %load/vec4 v0x5585a55ac890_0;
    %pad/u 32;
    %cmpi/e 1, 0, 32;
    %jmp/0xz  T_6.2, 4;
    %load/vec4 v0x5585a55ac720_0;
    %inv;
    %assign/vec4 v0x5585a55ac720_0, 0;
    %jmp T_6.3;
T_6.2 ;
    %load/vec4 v0x5585a55ac720_0;
    %assign/vec4 v0x5585a55ac720_0, 0;
T_6.3 ;
T_6.1 ;
    %jmp T_6;
    .thread T_6;
    .scope S_0x5585a55aca20;
T_7 ;
    %wait E_0x5585a55689f0;
    %load/vec4 v0x5585a55acef0_0;
    %flag_set/vec4 8;
    %jmp/0xz  T_7.0, 8;
    %pushi/vec4 0, 0, 1;
    %assign/vec4 v0x5585a55ace20_0, 0;
    %jmp T_7.1;
T_7.0 ;
    %load/vec4 v0x5585a55acf90_0;
    %pad/u 32;
    %cmpi/e 1, 0, 32;
    %jmp/0xz  T_7.2, 4;
    %load/vec4 v0x5585a55ace20_0;
    %inv;
    %assign/vec4 v0x5585a55ace20_0, 0;
    %jmp T_7.3;
T_7.2 ;
    %load/vec4 v0x5585a55ace20_0;
    %assign/vec4 v0x5585a55ace20_0, 0;
T_7.3 ;
T_7.1 ;
    %jmp T_7;
    .thread T_7;
    .scope S_0x5585a5587210;
T_8 ;
    %pushi/vec4 1, 0, 1;
    %assign/vec4 v0x5585a55ada10_0, 0;
T_8.0 ;
    %delay 1, 0;
    %load/vec4 v0x5585a55ada10_0;
    %inv;
    %assign/vec4 v0x5585a55ada10_0, 0;
    %jmp T_8.0;
    %end;
    .thread T_8;
    .scope S_0x5585a5587210;
T_9 ;
    %vpi_call 2 18 "$monitor", "counter=%d", v0x5585a55adad0_0 {0 0 0};
    %pushi/vec4 1, 0, 1;
    %store/vec4 v0x5585a55adc90_0, 0, 1;
    %pushi/vec4 0, 0, 1;
    %store/vec4 v0x5585a55adb90_0, 0, 1;
    %delay 2, 0;
    %pushi/vec4 0, 0, 1;
    %store/vec4 v0x5585a55adc90_0, 0, 1;
    %delay 40, 0;
    %pushi/vec4 1, 0, 1;
    %store/vec4 v0x5585a55adb90_0, 0, 1;
    %delay 80, 0;
    %vpi_call 2 23 "$finish" {0 0 0};
    %end;
    .thread T_9;
    .scope S_0x5585a5587210;
T_10 ;
    %vpi_call 2 27 "$dumpfile", "out.vcd" {0 0 0};
    %vpi_call 2 28 "$dumpvars" {0 0 0};
    %end;
    .thread T_10;
# The file index is used to find the file name in the following table.
:file_names 4;
    "N/A";
    "<interactive>";
    "tb_mode_counter.v";
    "./mode_counter.v";
