#! /usr/bin/vvp
:ivl_version "11.0 (stable)";
:ivl_delay_selection "TYPICAL";
:vpi_time_precision + 0;
:vpi_module "/usr/lib/x86_64-linux-gnu/ivl/system.vpi";
:vpi_module "/usr/lib/x86_64-linux-gnu/ivl/vhdl_sys.vpi";
:vpi_module "/usr/lib/x86_64-linux-gnu/ivl/vhdl_textio.vpi";
:vpi_module "/usr/lib/x86_64-linux-gnu/ivl/v2005_math.vpi";
:vpi_module "/usr/lib/x86_64-linux-gnu/ivl/va_math.vpi";
S_0x561912fffd90 .scope module, "tb_xorgate" "tb_xorgate" 2 2;
 .timescale 0 0;
v0x56191304aaa0_0 .var "a", 0 0;
v0x56191304ab70_0 .var "b", 0 0;
v0x56191304ac40_0 .net "c", 0 0, L_0x56191304ad40;  1 drivers
S_0x561912ffff20 .scope module, "f1" "xorgate" 2 5, 3 1 0, S_0x561912fffd90;
 .timescale 0 0;
    .port_info 0 /INPUT 1 "a";
    .port_info 1 /INPUT 1 "b";
    .port_info 2 /OUTPUT 1 "c";
L_0x56191304ad40 .functor XOR 1, v0x56191304aaa0_0, v0x56191304ab70_0, C4<0>, C4<0>;
v0x561913001ba0_0 .net "a", 0 0, v0x56191304aaa0_0;  1 drivers
v0x56191304a8c0_0 .net "b", 0 0, v0x56191304ab70_0;  1 drivers
v0x56191304a980_0 .net "c", 0 0, L_0x56191304ad40;  alias, 1 drivers
    .scope S_0x561912fffd90;
T_0 ;
    %vpi_call 2 8 "$monitor", "input=%b, input=%b, output=%b\012", v0x56191304aaa0_0, v0x56191304ab70_0, v0x56191304ac40_0 {0 0 0};
    %delay 2, 0;
    %pushi/vec4 0, 0, 1;
    %store/vec4 v0x56191304aaa0_0, 0, 1;
    %pushi/vec4 0, 0, 1;
    %store/vec4 v0x56191304ab70_0, 0, 1;
    %delay 2, 0;
    %pushi/vec4 1, 0, 1;
    %store/vec4 v0x56191304aaa0_0, 0, 1;
    %pushi/vec4 0, 0, 1;
    %store/vec4 v0x56191304ab70_0, 0, 1;
    %delay 2, 0;
    %pushi/vec4 0, 0, 1;
    %store/vec4 v0x56191304aaa0_0, 0, 1;
    %pushi/vec4 1, 0, 1;
    %store/vec4 v0x56191304ab70_0, 0, 1;
    %delay 2, 0;
    %pushi/vec4 1, 0, 1;
    %store/vec4 v0x56191304aaa0_0, 0, 1;
    %pushi/vec4 1, 0, 1;
    %store/vec4 v0x56191304ab70_0, 0, 1;
    %end;
    .thread T_0;
    .scope S_0x561912fffd90;
T_1 ;
    %vpi_call 2 16 "$dumpfile", "xorgateOut.vcd" {0 0 0};
    %vpi_call 2 17 "$dumpvars" {0 0 0};
    %delay 100, 0;
    %vpi_call 2 18 "$finish" {0 0 0};
    %end;
    .thread T_1;
# The file index is used to find the file name in the following table.
:file_names 4;
    "N/A";
    "<interactive>";
    "tb_xorgate.v";
    "./xorgate.v";
