#! /usr/bin/vvp
:ivl_version "11.0 (stable)";
:ivl_delay_selection "TYPICAL";
:vpi_time_precision + 0;
:vpi_module "/usr/lib/x86_64-linux-gnu/ivl/system.vpi";
:vpi_module "/usr/lib/x86_64-linux-gnu/ivl/vhdl_sys.vpi";
:vpi_module "/usr/lib/x86_64-linux-gnu/ivl/vhdl_textio.vpi";
:vpi_module "/usr/lib/x86_64-linux-gnu/ivl/v2005_math.vpi";
:vpi_module "/usr/lib/x86_64-linux-gnu/ivl/va_math.vpi";
S_0x557109739d90 .scope module, "demultiplexer_1to4_tb" "demultiplexer_1to4_tb" 2 3;
 .timescale 0 0;
v0x557109790030_0 .var "in", 0 0;
v0x5571097900d0_0 .net "out", 3 0, L_0x557109791870;  1 drivers
v0x5571097901a0_0 .var "sel", 1 0;
S_0x557109739f20 .scope module, "f1" "demux1_4" 2 8, 3 1 0, S_0x557109739d90;
 .timescale 0 0;
    .port_info 0 /INPUT 1 "in";
    .port_info 1 /INPUT 2 "sel";
    .port_info 2 /OUTPUT 4 "out";
L_0x7f29846d0018 .functor BUFT 1, C4<00>, C4<0>, C4<0>, C4<0>;
v0x557109773bf0_0 .net/2u *"_ivl_0", 1 0, L_0x7f29846d0018;  1 drivers
L_0x7f29846d00a8 .functor BUFT 1, C4<00>, C4<0>, C4<0>, C4<0>;
v0x55710978e500_0 .net *"_ivl_11", 1 0, L_0x7f29846d00a8;  1 drivers
L_0x7f29846d00f0 .functor BUFT 1, C4<01>, C4<0>, C4<0>, C4<0>;
v0x55710978e5e0_0 .net/2u *"_ivl_12", 1 0, L_0x7f29846d00f0;  1 drivers
v0x55710978e6a0_0 .net *"_ivl_14", 0 0, L_0x557109790670;  1 drivers
L_0x7f29846d0138 .functor BUFT 1, C4<000>, C4<0>, C4<0>, C4<0>;
v0x55710978e760_0 .net/2u *"_ivl_16", 2 0, L_0x7f29846d0138;  1 drivers
L_0x7f29846d0180 .functor BUFT 1, C4<00>, C4<0>, C4<0>, C4<0>;
v0x55710978e890_0 .net/2u *"_ivl_18", 1 0, L_0x7f29846d0180;  1 drivers
v0x55710978e970_0 .net *"_ivl_2", 0 0, L_0x5571097902d0;  1 drivers
v0x55710978ea30_0 .net *"_ivl_20", 5 0, L_0x557109790810;  1 drivers
L_0x7f29846d01c8 .functor BUFT 1, C4<10>, C4<0>, C4<0>, C4<0>;
v0x55710978eb10_0 .net/2u *"_ivl_22", 1 0, L_0x7f29846d01c8;  1 drivers
v0x55710978ebf0_0 .net *"_ivl_24", 0 0, L_0x5571097909b0;  1 drivers
L_0x7f29846d0210 .functor BUFT 1, C4<000>, C4<0>, C4<0>, C4<0>;
v0x55710978ecb0_0 .net/2u *"_ivl_26", 2 0, L_0x7f29846d0210;  1 drivers
L_0x7f29846d0258 .functor BUFT 1, C4<0>, C4<0>, C4<0>, C4<0>;
v0x55710978ed90_0 .net/2u *"_ivl_28", 0 0, L_0x7f29846d0258;  1 drivers
v0x55710978ee70_0 .net *"_ivl_30", 4 0, L_0x557109790a90;  1 drivers
v0x55710978ef50_0 .net *"_ivl_32", 5 0, L_0x557109790c20;  1 drivers
L_0x7f29846d02a0 .functor BUFT 1, C4<0>, C4<0>, C4<0>, C4<0>;
v0x55710978f030_0 .net *"_ivl_35", 0 0, L_0x7f29846d02a0;  1 drivers
L_0x7f29846d02e8 .functor BUFT 1, C4<11>, C4<0>, C4<0>, C4<0>;
v0x55710978f110_0 .net/2u *"_ivl_36", 1 0, L_0x7f29846d02e8;  1 drivers
v0x55710978f1f0_0 .net *"_ivl_38", 0 0, L_0x557109790db0;  1 drivers
L_0x7f29846d0060 .functor BUFT 1, C4<000>, C4<0>, C4<0>, C4<0>;
v0x55710978f2b0_0 .net/2u *"_ivl_4", 2 0, L_0x7f29846d0060;  1 drivers
L_0x7f29846d0330 .functor BUFT 1, C4<000>, C4<0>, C4<0>, C4<0>;
v0x55710978f390_0 .net/2u *"_ivl_40", 2 0, L_0x7f29846d0330;  1 drivers
v0x55710978f470_0 .net *"_ivl_42", 3 0, L_0x557109790ea0;  1 drivers
v0x55710978f550_0 .net *"_ivl_44", 5 0, L_0x557109791020;  1 drivers
L_0x7f29846d0378 .functor BUFT 1, C4<00>, C4<0>, C4<0>, C4<0>;
v0x55710978f630_0 .net *"_ivl_47", 1 0, L_0x7f29846d0378;  1 drivers
L_0x7f29846d03c0 .functor BUFT 1, C4<000000>, C4<0>, C4<0>, C4<0>;
v0x55710978f710_0 .net/2u *"_ivl_48", 5 0, L_0x7f29846d03c0;  1 drivers
v0x55710978f7f0_0 .net *"_ivl_50", 5 0, L_0x557109791110;  1 drivers
v0x55710978f8d0_0 .net *"_ivl_52", 5 0, L_0x557109791340;  1 drivers
v0x55710978f9b0_0 .net *"_ivl_54", 5 0, L_0x5571097914d0;  1 drivers
v0x55710978fa90_0 .net *"_ivl_56", 5 0, L_0x5571097916e0;  1 drivers
v0x55710978fb70_0 .net *"_ivl_6", 3 0, L_0x5571097903f0;  1 drivers
v0x55710978fc50_0 .net *"_ivl_8", 5 0, L_0x557109790530;  1 drivers
v0x55710978fd30_0 .net "in", 0 0, v0x557109790030_0;  1 drivers
v0x55710978fdf0_0 .net "out", 3 0, L_0x557109791870;  alias, 1 drivers
v0x55710978fed0_0 .net "sel", 1 0, v0x5571097901a0_0;  1 drivers
L_0x5571097902d0 .cmp/eq 2, v0x5571097901a0_0, L_0x7f29846d0018;
L_0x5571097903f0 .concat [ 3 1 0 0], L_0x7f29846d0060, v0x557109790030_0;
L_0x557109790530 .concat [ 4 2 0 0], L_0x5571097903f0, L_0x7f29846d00a8;
L_0x557109790670 .cmp/eq 2, v0x5571097901a0_0, L_0x7f29846d00f0;
L_0x557109790810 .concat [ 2 1 3 0], L_0x7f29846d0180, v0x557109790030_0, L_0x7f29846d0138;
L_0x5571097909b0 .cmp/eq 2, v0x5571097901a0_0, L_0x7f29846d01c8;
L_0x557109790a90 .concat [ 1 1 3 0], L_0x7f29846d0258, v0x557109790030_0, L_0x7f29846d0210;
L_0x557109790c20 .concat [ 5 1 0 0], L_0x557109790a90, L_0x7f29846d02a0;
L_0x557109790db0 .cmp/eq 2, v0x5571097901a0_0, L_0x7f29846d02e8;
L_0x557109790ea0 .concat [ 1 3 0 0], v0x557109790030_0, L_0x7f29846d0330;
L_0x557109791020 .concat [ 4 2 0 0], L_0x557109790ea0, L_0x7f29846d0378;
L_0x557109791110 .functor MUXZ 6, L_0x7f29846d03c0, L_0x557109791020, L_0x557109790db0, C4<>;
L_0x557109791340 .functor MUXZ 6, L_0x557109791110, L_0x557109790c20, L_0x5571097909b0, C4<>;
L_0x5571097914d0 .functor MUXZ 6, L_0x557109791340, L_0x557109790810, L_0x557109790670, C4<>;
L_0x5571097916e0 .functor MUXZ 6, L_0x5571097914d0, L_0x557109790530, L_0x5571097902d0, C4<>;
L_0x557109791870 .part L_0x5571097916e0, 0, 4;
    .scope S_0x557109739d90;
T_0 ;
    %vpi_call 2 11 "$monitor", "in=%b, sel=%b, out=%b\012", v0x557109790030_0, v0x5571097901a0_0, v0x5571097900d0_0 {0 0 0};
    %delay 2, 0;
    %pushi/vec4 0, 0, 1;
    %store/vec4 v0x557109790030_0, 0, 1;
    %pushi/vec4 0, 0, 2;
    %store/vec4 v0x5571097901a0_0, 0, 2;
    %delay 2, 0;
    %pushi/vec4 0, 0, 1;
    %store/vec4 v0x557109790030_0, 0, 1;
    %pushi/vec4 1, 0, 2;
    %store/vec4 v0x5571097901a0_0, 0, 2;
    %delay 2, 0;
    %pushi/vec4 0, 0, 1;
    %store/vec4 v0x557109790030_0, 0, 1;
    %pushi/vec4 2, 0, 2;
    %store/vec4 v0x5571097901a0_0, 0, 2;
    %delay 2, 0;
    %pushi/vec4 0, 0, 1;
    %store/vec4 v0x557109790030_0, 0, 1;
    %pushi/vec4 3, 0, 2;
    %store/vec4 v0x5571097901a0_0, 0, 2;
    %delay 2, 0;
    %pushi/vec4 1, 0, 1;
    %store/vec4 v0x557109790030_0, 0, 1;
    %pushi/vec4 0, 0, 2;
    %store/vec4 v0x5571097901a0_0, 0, 2;
    %delay 2, 0;
    %pushi/vec4 1, 0, 1;
    %store/vec4 v0x557109790030_0, 0, 1;
    %pushi/vec4 1, 0, 2;
    %store/vec4 v0x5571097901a0_0, 0, 2;
    %delay 2, 0;
    %pushi/vec4 1, 0, 1;
    %store/vec4 v0x557109790030_0, 0, 1;
    %pushi/vec4 2, 0, 2;
    %store/vec4 v0x5571097901a0_0, 0, 2;
    %delay 2, 0;
    %pushi/vec4 1, 0, 1;
    %store/vec4 v0x557109790030_0, 0, 1;
    %pushi/vec4 3, 0, 2;
    %store/vec4 v0x5571097901a0_0, 0, 2;
    %end;
    .thread T_0;
    .scope S_0x557109739d90;
T_1 ;
    %vpi_call 2 22 "$dumpfile", "out.vcd" {0 0 0};
    %vpi_call 2 23 "$dumpvars" {0 0 0};
    %delay 50, 0;
    %vpi_call 2 24 "$finish" {0 0 0};
    %end;
    .thread T_1;
# The file index is used to find the file name in the following table.
:file_names 4;
    "N/A";
    "<interactive>";
    "Demultiplexer_1to4_tb.v";
    "./Demultiplexer_1to4.v";
