#! /usr/bin/vvp
:ivl_version "11.0 (stable)";
:ivl_delay_selection "TYPICAL";
:vpi_time_precision + 0;
:vpi_module "/usr/lib/x86_64-linux-gnu/ivl/system.vpi";
:vpi_module "/usr/lib/x86_64-linux-gnu/ivl/vhdl_sys.vpi";
:vpi_module "/usr/lib/x86_64-linux-gnu/ivl/vhdl_textio.vpi";
:vpi_module "/usr/lib/x86_64-linux-gnu/ivl/v2005_math.vpi";
:vpi_module "/usr/lib/x86_64-linux-gnu/ivl/va_math.vpi";
S_0x55e5584cdf80 .scope module, "multiplexer_tb" "multiplexer_tb" 2 3;
 .timescale 0 0;
v0x55e5584e2800_0 .var "ab", 1 0;
v0x55e5584e28c0_0 .net "c", 0 0, L_0x55e5584e2c50;  1 drivers
v0x55e5584e2990_0 .var "sel", 0 0;
S_0x55e5584ce110 .scope module, "s1" "multiplexer" 2 8, 3 1 0, S_0x55e5584cdf80;
 .timescale 0 0;
    .port_info 0 /INPUT 2 "ab";
    .port_info 1 /INPUT 1 "sel";
    .port_info 2 /OUTPUT 1 "c";
v0x55e558494cf0_0 .net *"_ivl_1", 0 0, L_0x55e5584e2a90;  1 drivers
v0x55e5584e2410_0 .net *"_ivl_3", 0 0, L_0x55e5584e2bb0;  1 drivers
v0x55e5584e24f0_0 .net "ab", 1 0, v0x55e5584e2800_0;  1 drivers
v0x55e5584e25b0_0 .net "c", 0 0, L_0x55e5584e2c50;  alias, 1 drivers
v0x55e5584e2670_0 .net "sel", 0 0, v0x55e5584e2990_0;  1 drivers
L_0x55e5584e2a90 .part v0x55e5584e2800_0, 1, 1;
L_0x55e5584e2bb0 .part v0x55e5584e2800_0, 0, 1;
L_0x55e5584e2c50 .functor MUXZ 1, L_0x55e5584e2bb0, L_0x55e5584e2a90, v0x55e5584e2990_0, C4<>;
    .scope S_0x55e5584cdf80;
T_0 ;
    %vpi_call 2 11 "$monitor", "ab=%b, sel=%b, output=%b\012", v0x55e5584e2800_0, v0x55e5584e2990_0, v0x55e5584e28c0_0 {0 0 0};
    %delay 2, 0;
    %pushi/vec4 0, 0, 2;
    %store/vec4 v0x55e5584e2800_0, 0, 2;
    %pushi/vec4 0, 0, 1;
    %store/vec4 v0x55e5584e2990_0, 0, 1;
    %delay 2, 0;
    %pushi/vec4 0, 0, 2;
    %store/vec4 v0x55e5584e2800_0, 0, 2;
    %pushi/vec4 1, 0, 1;
    %store/vec4 v0x55e5584e2990_0, 0, 1;
    %delay 2, 0;
    %pushi/vec4 1, 0, 2;
    %store/vec4 v0x55e5584e2800_0, 0, 2;
    %pushi/vec4 0, 0, 1;
    %store/vec4 v0x55e5584e2990_0, 0, 1;
    %delay 2, 0;
    %pushi/vec4 1, 0, 2;
    %store/vec4 v0x55e5584e2800_0, 0, 2;
    %pushi/vec4 1, 0, 1;
    %store/vec4 v0x55e5584e2990_0, 0, 1;
    %delay 2, 0;
    %pushi/vec4 2, 0, 2;
    %store/vec4 v0x55e5584e2800_0, 0, 2;
    %pushi/vec4 0, 0, 1;
    %store/vec4 v0x55e5584e2990_0, 0, 1;
    %delay 2, 0;
    %pushi/vec4 2, 0, 2;
    %store/vec4 v0x55e5584e2800_0, 0, 2;
    %pushi/vec4 1, 0, 1;
    %store/vec4 v0x55e5584e2990_0, 0, 1;
    %delay 2, 0;
    %pushi/vec4 3, 0, 2;
    %store/vec4 v0x55e5584e2800_0, 0, 2;
    %pushi/vec4 0, 0, 1;
    %store/vec4 v0x55e5584e2990_0, 0, 1;
    %delay 2, 0;
    %pushi/vec4 3, 0, 2;
    %store/vec4 v0x55e5584e2800_0, 0, 2;
    %pushi/vec4 1, 0, 1;
    %store/vec4 v0x55e5584e2990_0, 0, 1;
    %end;
    .thread T_0;
    .scope S_0x55e5584cdf80;
T_1 ;
    %vpi_call 2 23 "$dumpfile", "out.vcd" {0 0 0};
    %vpi_call 2 24 "$dumpvars" {0 0 0};
    %delay 50, 0;
    %vpi_call 2 25 "$finish" {0 0 0};
    %end;
    .thread T_1;
# The file index is used to find the file name in the following table.
:file_names 4;
    "N/A";
    "<interactive>";
    "Multiplexer_2to1_tb.v";
    "./Multiplexer_2to1.v";
